<?xml version="1.0" encoding="UTF-8"?>
<testsuite xmlns:xsi="http://www.w3.org/2001/XMLSchema-instance" xsi:noNamespaceSchemaLocation="https://maven.apache.org/surefire/maven-surefire-plugin/xsd/surefire-test-report.xsd" name="com.youyuan.ticket.ProviderTicketApplicationTests" time="14.498" tests="1" errors="0" skipped="0" failures="0">
  <properties>
    <property name="sun.desktop" value="windows"/>
    <property name="awt.toolkit" value="sun.awt.windows.WToolkit"/>
    <property name="file.encoding.pkg" value="sun.io"/>
    <property name="java.specification.version" value="1.8"/>
    <property name="sun.cpu.isalist" value="amd64"/>
    <property name="sun.jnu.encoding" value="GBK"/>
    <property name="java.class.path" value="E:\Workspaces\spring_boot_06_dubbo\provider-ticket\target\test-classes;E:\Workspaces\spring_boot_06_dubbo\provider-ticket\target\classes;E:\maven\repository\org\springframework\boot\spring-boot-starter-web\2.1.1.RELEASE\spring-boot-starter-web-2.1.1.RELEASE.jar;E:\maven\repository\org\springframework\boot\spring-boot-starter\2.1.1.RELEASE\spring-boot-starter-2.1.1.RELEASE.jar;E:\maven\repository\org\springframework\boot\spring-boot\2.1.1.RELEASE\spring-boot-2.1.1.RELEASE.jar;E:\maven\repository\org\springframework\boot\spring-boot-autoconfigure\2.1.1.RELEASE\spring-boot-autoconfigure-2.1.1.RELEASE.jar;E:\maven\repository\org\springframework\boot\spring-boot-starter-logging\2.1.1.RELEASE\spring-boot-starter-logging-2.1.1.RELEASE.jar;E:\maven\repository\ch\qos\logback\logback-classic\1.2.3\logback-classic-1.2.3.jar;E:\maven\repository\ch\qos\logback\logback-core\1.2.3\logback-core-1.2.3.jar;E:\maven\repository\org\apache\logging\log4j\log4j-to-slf4j\2.11.1\log4j-to-slf4j-2.11.1.jar;E:\maven\repository\org\apache\logging\log4j\log4j-api\2.11.1\log4j-api-2.11.1.jar;E:\maven\repository\org\slf4j\jul-to-slf4j\1.7.25\jul-to-slf4j-1.7.25.jar;E:\maven\repository\javax\annotation\javax.annotation-api\1.3.2\javax.annotation-api-1.3.2.jar;E:\maven\repository\org\yaml\snakeyaml\1.23\snakeyaml-1.23.jar;E:\maven\repository\org\springframework\boot\spring-boot-starter-json\2.1.1.RELEASE\spring-boot-starter-json-2.1.1.RELEASE.jar;E:\maven\repository\com\fasterxml\jackson\core\jackson-databind\2.9.7\jackson-databind-2.9.7.jar;E:\maven\repository\com\fasterxml\jackson\core\jackson-annotations\2.9.0\jackson-annotations-2.9.0.jar;E:\maven\repository\com\fasterxml\jackson\core\jackson-core\2.9.7\jackson-core-2.9.7.jar;E:\maven\repository\com\fasterxml\jackson\datatype\jackson-datatype-jdk8\2.9.7\jackson-datatype-jdk8-2.9.7.jar;E:\maven\repository\com\fasterxml\jackson\datatype\jackson-datatype-jsr310\2.9.7\jackson-datatype-jsr310-2.9.7.jar;E:\maven\repository\com\fasterxml\jackson\module\jackson-module-parameter-names\2.9.7\jackson-module-parameter-names-2.9.7.jar;E:\maven\repository\org\springframework\boot\spring-boot-starter-tomcat\2.1.1.RELEASE\spring-boot-starter-tomcat-2.1.1.RELEASE.jar;E:\maven\repository\org\apache\tomcat\embed\tomcat-embed-core\9.0.13\tomcat-embed-core-9.0.13.jar;E:\maven\repository\org\apache\tomcat\embed\tomcat-embed-el\9.0.13\tomcat-embed-el-9.0.13.jar;E:\maven\repository\org\apache\tomcat\embed\tomcat-embed-websocket\9.0.13\tomcat-embed-websocket-9.0.13.jar;E:\maven\repository\org\hibernate\validator\hibernate-validator\6.0.13.Final\hibernate-validator-6.0.13.Final.jar;E:\maven\repository\javax\validation\validation-api\2.0.1.Final\validation-api-2.0.1.Final.jar;E:\maven\repository\org\jboss\logging\jboss-logging\3.3.2.Final\jboss-logging-3.3.2.Final.jar;E:\maven\repository\com\fasterxml\classmate\1.4.0\classmate-1.4.0.jar;E:\maven\repository\org\springframework\spring-web\5.1.3.RELEASE\spring-web-5.1.3.RELEASE.jar;E:\maven\repository\org\springframework\spring-beans\5.1.3.RELEASE\spring-beans-5.1.3.RELEASE.jar;E:\maven\repository\org\springframework\spring-webmvc\5.1.3.RELEASE\spring-webmvc-5.1.3.RELEASE.jar;E:\maven\repository\org\springframework\spring-aop\5.1.3.RELEASE\spring-aop-5.1.3.RELEASE.jar;E:\maven\repository\org\springframework\spring-context\5.1.3.RELEASE\spring-context-5.1.3.RELEASE.jar;E:\maven\repository\org\springframework\spring-expression\5.1.3.RELEASE\spring-expression-5.1.3.RELEASE.jar;E:\maven\repository\com\alibaba\boot\dubbo-spring-boot-starter\0.1.0\dubbo-spring-boot-starter-0.1.0.jar;E:\maven\repository\com\alibaba\dubbo\2.5.10\dubbo-2.5.10.jar;E:\maven\repository\commons-logging\commons-logging\1.2\commons-logging-1.2.jar;E:\maven\repository\org\jboss\netty\netty\3.2.5.Final\netty-3.2.5.Final.jar;E:\maven\repository\io\netty\netty-all\4.1.31.Final\netty-all-4.1.31.Final.jar;E:\maven\repository\log4j\log4j\1.2.16\log4j-1.2.16.jar;E:\maven\repository\org\javassist\javassist\3.20.0-GA\javassist-3.20.0-GA.jar;E:\maven\repository\com\alibaba\fastjson\1.2.31\fastjson-1.2.31.jar;E:\maven\repository\org\apache\zookeeper\zookeeper\3.4.9\zookeeper-3.4.9.jar;E:\maven\repository\jline\jline\0.9.94\jline-0.9.94.jar;E:\maven\repository\io\netty\netty\3.10.5.Final\netty-3.10.5.Final.jar;E:\maven\repository\org\apache\curator\curator-framework\2.12.0\curator-framework-2.12.0.jar;E:\maven\repository\org\apache\curator\curator-client\2.12.0\curator-client-2.12.0.jar;E:\maven\repository\com\google\guava\guava\16.0.1\guava-16.0.1.jar;E:\maven\repository\com\alibaba\boot\dubbo-spring-boot-autoconfigure\0.1.0\dubbo-spring-boot-autoconfigure-0.1.0.jar;E:\maven\repository\com\alibaba\boot\dubbo-spring-boot-actuator\0.1.0\dubbo-spring-boot-actuator-0.1.0.jar;E:\maven\repository\com\101tec\zkclient\0.10\zkclient-0.10.jar;E:\maven\repository\org\slf4j\slf4j-api\1.7.25\slf4j-api-1.7.25.jar;E:\maven\repository\org\springframework\boot\spring-boot-starter-test\2.1.1.RELEASE\spring-boot-starter-test-2.1.1.RELEASE.jar;E:\maven\repository\org\springframework\boot\spring-boot-test\2.1.1.RELEASE\spring-boot-test-2.1.1.RELEASE.jar;E:\maven\repository\org\springframework\boot\spring-boot-test-autoconfigure\2.1.1.RELEASE\spring-boot-test-autoconfigure-2.1.1.RELEASE.jar;E:\maven\repository\com\jayway\jsonpath\json-path\2.4.0\json-path-2.4.0.jar;E:\maven\repository\net\minidev\json-smart\2.3\json-smart-2.3.jar;E:\maven\repository\net\minidev\accessors-smart\1.2\accessors-smart-1.2.jar;E:\maven\repository\org\ow2\asm\asm\5.0.4\asm-5.0.4.jar;E:\maven\repository\junit\junit\4.12\junit-4.12.jar;E:\maven\repository\org\assertj\assertj-core\3.11.1\assertj-core-3.11.1.jar;E:\maven\repository\org\mockito\mockito-core\2.23.4\mockito-core-2.23.4.jar;E:\maven\repository\net\bytebuddy\byte-buddy\1.9.5\byte-buddy-1.9.5.jar;E:\maven\repository\net\bytebuddy\byte-buddy-agent\1.9.5\byte-buddy-agent-1.9.5.jar;E:\maven\repository\org\objenesis\objenesis\2.6\objenesis-2.6.jar;E:\maven\repository\org\hamcrest\hamcrest-core\1.3\hamcrest-core-1.3.jar;E:\maven\repository\org\hamcrest\hamcrest-library\1.3\hamcrest-library-1.3.jar;E:\maven\repository\org\skyscreamer\jsonassert\1.5.0\jsonassert-1.5.0.jar;E:\maven\repository\com\vaadin\external\google\android-json\0.0.20131108.vaadin1\android-json-0.0.20131108.vaadin1.jar;E:\maven\repository\org\springframework\spring-core\5.1.3.RELEASE\spring-core-5.1.3.RELEASE.jar;E:\maven\repository\org\springframework\spring-jcl\5.1.3.RELEASE\spring-jcl-5.1.3.RELEASE.jar;E:\maven\repository\org\springframework\spring-test\5.1.3.RELEASE\spring-test-5.1.3.RELEASE.jar;E:\maven\repository\org\xmlunit\xmlunit-core\2.6.2\xmlunit-core-2.6.2.jar;"/>
    <property name="java.vm.vendor" value="Oracle Corporation"/>
    <property name="sun.arch.data.model" value="64"/>
    <property name="user.variant" value=""/>
    <property name="java.vendor.url" value="http://java.oracle.com/"/>
    <property name="user.timezone" value="Asia/Shanghai"/>
    <property name="java.vm.specification.version" value="1.8"/>
    <property name="os.name" value="Windows 10"/>
    <property name="user.country" value="CN"/>
    <property name="sun.java.launcher" value="SUN_STANDARD"/>
    <property name="sun.boot.library.path" value="E:\Java\jdk1.8.0_91\jre\bin"/>
    <property name="sun.java.command" value="C:\Users\YYBJ\AppData\Local\Temp\surefire7050711154654659689\surefirebooter8281742785462789383.jar C:\Users\YYBJ\AppData\Local\Temp\surefire7050711154654659689 2018-12-28T20-45-19_296-jvmRun1 surefire5656137322499606473tmp surefire_03507075503527458127tmp"/>
    <property name="surefire.test.class.path" value="E:\Workspaces\spring_boot_06_dubbo\provider-ticket\target\test-classes;E:\Workspaces\spring_boot_06_dubbo\provider-ticket\target\classes;E:\maven\repository\org\springframework\boot\spring-boot-starter-web\2.1.1.RELEASE\spring-boot-starter-web-2.1.1.RELEASE.jar;E:\maven\repository\org\springframework\boot\spring-boot-starter\2.1.1.RELEASE\spring-boot-starter-2.1.1.RELEASE.jar;E:\maven\repository\org\springframework\boot\spring-boot\2.1.1.RELEASE\spring-boot-2.1.1.RELEASE.jar;E:\maven\repository\org\springframework\boot\spring-boot-autoconfigure\2.1.1.RELEASE\spring-boot-autoconfigure-2.1.1.RELEASE.jar;E:\maven\repository\org\springframework\boot\spring-boot-starter-logging\2.1.1.RELEASE\spring-boot-starter-logging-2.1.1.RELEASE.jar;E:\maven\repository\ch\qos\logback\logback-classic\1.2.3\logback-classic-1.2.3.jar;E:\maven\repository\ch\qos\logback\logback-core\1.2.3\logback-core-1.2.3.jar;E:\maven\repository\org\apache\logging\log4j\log4j-to-slf4j\2.11.1\log4j-to-slf4j-2.11.1.jar;E:\maven\repository\org\apache\logging\log4j\log4j-api\2.11.1\log4j-api-2.11.1.jar;E:\maven\repository\org\slf4j\jul-to-slf4j\1.7.25\jul-to-slf4j-1.7.25.jar;E:\maven\repository\javax\annotation\javax.annotation-api\1.3.2\javax.annotation-api-1.3.2.jar;E:\maven\repository\org\yaml\snakeyaml\1.23\snakeyaml-1.23.jar;E:\maven\repository\org\springframework\boot\spring-boot-starter-json\2.1.1.RELEASE\spring-boot-starter-json-2.1.1.RELEASE.jar;E:\maven\repository\com\fasterxml\jackson\core\jackson-databind\2.9.7\jackson-databind-2.9.7.jar;E:\maven\repository\com\fasterxml\jackson\core\jackson-annotations\2.9.0\jackson-annotations-2.9.0.jar;E:\maven\repository\com\fasterxml\jackson\core\jackson-core\2.9.7\jackson-core-2.9.7.jar;E:\maven\repository\com\fasterxml\jackson\datatype\jackson-datatype-jdk8\2.9.7\jackson-datatype-jdk8-2.9.7.jar;E:\maven\repository\com\fasterxml\jackson\datatype\jackson-datatype-jsr310\2.9.7\jackson-datatype-jsr310-2.9.7.jar;E:\maven\repository\com\fasterxml\jackson\module\jackson-module-parameter-names\2.9.7\jackson-module-parameter-names-2.9.7.jar;E:\maven\repository\org\springframework\boot\spring-boot-starter-tomcat\2.1.1.RELEASE\spring-boot-starter-tomcat-2.1.1.RELEASE.jar;E:\maven\repository\org\apache\tomcat\embed\tomcat-embed-core\9.0.13\tomcat-embed-core-9.0.13.jar;E:\maven\repository\org\apache\tomcat\embed\tomcat-embed-el\9.0.13\tomcat-embed-el-9.0.13.jar;E:\maven\repository\org\apache\tomcat\embed\tomcat-embed-websocket\9.0.13\tomcat-embed-websocket-9.0.13.jar;E:\maven\repository\org\hibernate\validator\hibernate-validator\6.0.13.Final\hibernate-validator-6.0.13.Final.jar;E:\maven\repository\javax\validation\validation-api\2.0.1.Final\validation-api-2.0.1.Final.jar;E:\maven\repository\org\jboss\logging\jboss-logging\3.3.2.Final\jboss-logging-3.3.2.Final.jar;E:\maven\repository\com\fasterxml\classmate\1.4.0\classmate-1.4.0.jar;E:\maven\repository\org\springframework\spring-web\5.1.3.RELEASE\spring-web-5.1.3.RELEASE.jar;E:\maven\repository\org\springframework\spring-beans\5.1.3.RELEASE\spring-beans-5.1.3.RELEASE.jar;E:\maven\repository\org\springframework\spring-webmvc\5.1.3.RELEASE\spring-webmvc-5.1.3.RELEASE.jar;E:\maven\repository\org\springframework\spring-aop\5.1.3.RELEASE\spring-aop-5.1.3.RELEASE.jar;E:\maven\repository\org\springframework\spring-context\5.1.3.RELEASE\spring-context-5.1.3.RELEASE.jar;E:\maven\repository\org\springframework\spring-expression\5.1.3.RELEASE\spring-expression-5.1.3.RELEASE.jar;E:\maven\repository\com\alibaba\boot\dubbo-spring-boot-starter\0.1.0\dubbo-spring-boot-starter-0.1.0.jar;E:\maven\repository\com\alibaba\dubbo\2.5.10\dubbo-2.5.10.jar;E:\maven\repository\commons-logging\commons-logging\1.2\commons-logging-1.2.jar;E:\maven\repository\org\jboss\netty\netty\3.2.5.Final\netty-3.2.5.Final.jar;E:\maven\repository\io\netty\netty-all\4.1.31.Final\netty-all-4.1.31.Final.jar;E:\maven\repository\log4j\log4j\1.2.16\log4j-1.2.16.jar;E:\maven\repository\org\javassist\javassist\3.20.0-GA\javassist-3.20.0-GA.jar;E:\maven\repository\com\alibaba\fastjson\1.2.31\fastjson-1.2.31.jar;E:\maven\repository\org\apache\zookeeper\zookeeper\3.4.9\zookeeper-3.4.9.jar;E:\maven\repository\jline\jline\0.9.94\jline-0.9.94.jar;E:\maven\repository\io\netty\netty\3.10.5.Final\netty-3.10.5.Final.jar;E:\maven\repository\org\apache\curator\curator-framework\2.12.0\curator-framework-2.12.0.jar;E:\maven\repository\org\apache\curator\curator-client\2.12.0\curator-client-2.12.0.jar;E:\maven\repository\com\google\guava\guava\16.0.1\guava-16.0.1.jar;E:\maven\repository\com\alibaba\boot\dubbo-spring-boot-autoconfigure\0.1.0\dubbo-spring-boot-autoconfigure-0.1.0.jar;E:\maven\repository\com\alibaba\boot\dubbo-spring-boot-actuator\0.1.0\dubbo-spring-boot-actuator-0.1.0.jar;E:\maven\repository\com\101tec\zkclient\0.10\zkclient-0.10.jar;E:\maven\repository\org\slf4j\slf4j-api\1.7.25\slf4j-api-1.7.25.jar;E:\maven\repository\org\springframework\boot\spring-boot-starter-test\2.1.1.RELEASE\spring-boot-starter-test-2.1.1.RELEASE.jar;E:\maven\repository\org\springframework\boot\spring-boot-test\2.1.1.RELEASE\spring-boot-test-2.1.1.RELEASE.jar;E:\maven\repository\org\springframework\boot\spring-boot-test-autoconfigure\2.1.1.RELEASE\spring-boot-test-autoconfigure-2.1.1.RELEASE.jar;E:\maven\repository\com\jayway\jsonpath\json-path\2.4.0\json-path-2.4.0.jar;E:\maven\repository\net\minidev\json-smart\2.3\json-smart-2.3.jar;E:\maven\repository\net\minidev\accessors-smart\1.2\accessors-smart-1.2.jar;E:\maven\repository\org\ow2\asm\asm\5.0.4\asm-5.0.4.jar;E:\maven\repository\junit\junit\4.12\junit-4.12.jar;E:\maven\repository\org\assertj\assertj-core\3.11.1\assertj-core-3.11.1.jar;E:\maven\repository\org\mockito\mockito-core\2.23.4\mockito-core-2.23.4.jar;E:\maven\repository\net\bytebuddy\byte-buddy\1.9.5\byte-buddy-1.9.5.jar;E:\maven\repository\net\bytebuddy\byte-buddy-agent\1.9.5\byte-buddy-agent-1.9.5.jar;E:\maven\repository\org\objenesis\objenesis\2.6\objenesis-2.6.jar;E:\maven\repository\org\hamcrest\hamcrest-core\1.3\hamcrest-core-1.3.jar;E:\maven\repository\org\hamcrest\hamcrest-library\1.3\hamcrest-library-1.3.jar;E:\maven\repository\org\skyscreamer\jsonassert\1.5.0\jsonassert-1.5.0.jar;E:\maven\repository\com\vaadin\external\google\android-json\0.0.20131108.vaadin1\android-json-0.0.20131108.vaadin1.jar;E:\maven\repository\org\springframework\spring-core\5.1.3.RELEASE\spring-core-5.1.3.RELEASE.jar;E:\maven\repository\org\springframework\spring-jcl\5.1.3.RELEASE\spring-jcl-5.1.3.RELEASE.jar;E:\maven\repository\org\springframework\spring-test\5.1.3.RELEASE\spring-test-5.1.3.RELEASE.jar;E:\maven\repository\org\xmlunit\xmlunit-core\2.6.2\xmlunit-core-2.6.2.jar;"/>
    <property name="sun.cpu.endian" value="little"/>
    <property name="user.home" value="C:\Users\YYBJ"/>
    <property name="user.language" value="zh"/>
    <property name="java.specification.vendor" value="Oracle Corporation"/>
    <property name="java.home" value="E:\Java\jdk1.8.0_91\jre"/>
    <property name="basedir" value="E:\Workspaces\spring_boot_06_dubbo\provider-ticket"/>
    <property name="file.separator" value="\"/>
    <property name="line.separator" value="&#10;"/>
    <property name="java.vm.specification.vendor" value="Oracle Corporation"/>
    <property name="java.specification.name" value="Java Platform API Specification"/>
    <property name="java.awt.graphicsenv" value="sun.awt.Win32GraphicsEnvironment"/>
    <property name="surefire.real.class.path" value="C:\Users\YYBJ\AppData\Local\Temp\surefire7050711154654659689\surefirebooter8281742785462789383.jar"/>
    <property name="sun.boot.class.path" value="E:\Java\jdk1.8.0_91\jre\lib\resources.jar;E:\Java\jdk1.8.0_91\jre\lib\rt.jar;E:\Java\jdk1.8.0_91\jre\lib\sunrsasign.jar;E:\Java\jdk1.8.0_91\jre\lib\jsse.jar;E:\Java\jdk1.8.0_91\jre\lib\jce.jar;E:\Java\jdk1.8.0_91\jre\lib\charsets.jar;E:\Java\jdk1.8.0_91\jre\lib\jfr.jar;E:\Java\jdk1.8.0_91\jre\classes"/>
    <property name="user.script" value=""/>
    <property name="sun.management.compiler" value="HotSpot 64-Bit Tiered Compilers"/>
    <property name="java.runtime.version" value="1.8.0_91-b15"/>
    <property name="user.name" value="YYBJ"/>
    <property name="path.separator" value=";"/>
    <property name="os.version" value="10.0"/>
    <property name="java.endorsed.dirs" value="E:\Java\jdk1.8.0_91\jre\lib\endorsed"/>
    <property name="java.runtime.name" value="Java(TM) SE Runtime Environment"/>
    <property name="file.encoding" value="GBK"/>
    <property name="java.vm.name" value="Java HotSpot(TM) 64-Bit Server VM"/>
    <property name="localRepository" value="E:\maven\repository"/>
    <property name="java.vendor.url.bug" value="http://bugreport.sun.com/bugreport/"/>
    <property name="java.io.tmpdir" value="C:\Users\YYBJ\AppData\Local\Temp\"/>
    <property name="idea.version" value="2017.2.2"/>
    <property name="java.version" value="1.8.0_91"/>
    <property name="user.dir" value="E:\Workspaces\spring_boot_06_dubbo\provider-ticket"/>
    <property name="os.arch" value="amd64"/>
    <property name="java.vm.specification.name" value="Java Virtual Machine Specification"/>
    <property name="java.awt.printerjob" value="sun.awt.windows.WPrinterJob"/>
    <property name="sun.os.patch.level" value=""/>
    <property name="java.library.path" value="E:\Java\jdk1.8.0_91\jre\bin;C:\Windows\Sun\Java\bin;C:\Windows\system32;C:\Windows;C:\Program Files (x86)\Common Files\NetSarang;C:\Windows\system32;C:\Windows;C:\Windows\System32\Wbem;C:\Windows\System32\WindowsPowerShell\v1.0\;E:\Java\jdk1.8.0_91\bin;E:\Java\jdk1.8.0_91\jre\bin;E:\apache-maven-3.2.3\bin\;E:\MySQL Server 5.1\bin;C:\Program Files\TortoiseSVN\bin;C:\Program Files (x86)\IDM Computer Solutions\UltraEdit;C:\Program Files\IDM Computer Solutions\UltraCompare;E:\erl9.1\bin;E:\nodejs\;E:\MongoDB\Server\3.2\bin;C:\Users\YYBJ\AppData\Local\Microsoft\WindowsApps;C:\Users\YYBJ\AppData\Roaming\npm;E:\MongoDB\Server\3.2\bin;."/>
    <property name="java.vm.info" value="mixed mode"/>
    <property name="java.vendor" value="Oracle Corporation"/>
    <property name="java.vm.version" value="25.91-b15"/>
    <property name="java.ext.dirs" value="E:\Java\jdk1.8.0_91\jre\lib\ext;C:\Windows\Sun\Java\lib\ext"/>
    <property name="sun.io.unicode.encoding" value="UnicodeLittle"/>
    <property name="java.class.version" value="52.0"/>
  </properties>
  <testcase name="contextLoads" classname="com.youyuan.ticket.ProviderTicketApplicationTests" time="0.116"/>
</testsuite>